<?xml version="1.0" encoding="UTF-8"?>
<testng-results ignored="0" total="1" passed="1" failed="0" skipped="0">
  <reporter-output>
  </reporter-output>
  <suite started-at="2024-03-14T22:03:33 IST" name="Default suite" finished-at="2024-03-14T22:03:55 IST" duration-ms="22015">
    <groups>
    </groups>
    <test started-at="2024-03-14T22:03:33 IST" name="Default test" finished-at="2024-03-14T22:03:55 IST" duration-ms="22015">
      <class name="com.qa.test.EmptyFieldsTest">
        <test-method is-config="true" signature="setUp()[pri:0, instance:com.qa.test.EmptyFieldsTest@1c5920df]" started-at="2024-03-14T22:03:33 IST" name="setUp" finished-at="2024-03-14T22:03:45 IST" duration-ms="12729" status="PASS">
          <reporter-output>
          </reporter-output>
        </test-method> <!-- setUp -->
        <test-method signature="test3()[pri:0, instance:com.qa.test.EmptyFieldsTest@1c5920df]" started-at="2024-03-14T22:03:45 IST" name="test3" finished-at="2024-03-14T22:03:55 IST" duration-ms="9224" status="PASS">
          <reporter-output>
          </reporter-output>
        </test-method> <!-- test3 -->
        <test-method is-config="true" signature="tearDown()[pri:0, instance:com.qa.test.EmptyFieldsTest@1c5920df]" started-at="2024-03-14T22:03:55 IST" name="tearDown" finished-at="2024-03-14T22:03:55 IST" duration-ms="2" status="PASS">
          <reporter-output>
          </reporter-output>
        </test-method> <!-- tearDown -->
      </class> <!-- com.qa.test.EmptyFieldsTest -->
    </test> <!-- Default test -->
  </suite> <!-- Default suite -->
</testng-results>
