<?xml version="1.0" encoding="UTF-8"?>
<testng-results ignored="0" total="1" passed="1" failed="0" skipped="0">
  <reporter-output>
  </reporter-output>
  <suite started-at="2024-03-14T21:56:48 IST" name="Default suite" finished-at="2024-03-14T21:57:10 IST" duration-ms="21867">
    <groups>
    </groups>
    <test started-at="2024-03-14T21:56:48 IST" name="Default test" finished-at="2024-03-14T21:57:10 IST" duration-ms="21867">
      <class name="com.qa.test.EmptyPaymentTest">
        <test-method is-config="true" signature="setUp()[pri:0, instance:com.qa.test.EmptyPaymentTest@1c5920df]" started-at="2024-03-14T21:56:48 IST" name="setUp" finished-at="2024-03-14T21:57:00 IST" duration-ms="12161" status="PASS">
          <reporter-output>
          </reporter-output>
        </test-method> <!-- setUp -->
        <test-method signature="test2()[pri:0, instance:com.qa.test.EmptyPaymentTest@1c5920df]" started-at="2024-03-14T21:57:00 IST" name="test2" finished-at="2024-03-14T21:57:10 IST" duration-ms="9655" status="PASS">
          <reporter-output>
          </reporter-output>
        </test-method> <!-- test2 -->
        <test-method is-config="true" signature="tearDown()[pri:0, instance:com.qa.test.EmptyPaymentTest@1c5920df]" started-at="2024-03-14T21:57:10 IST" name="tearDown" finished-at="2024-03-14T21:57:10 IST" duration-ms="3" status="PASS">
          <reporter-output>
          </reporter-output>
        </test-method> <!-- tearDown -->
      </class> <!-- com.qa.test.EmptyPaymentTest -->
    </test> <!-- Default test -->
  </suite> <!-- Default suite -->
</testng-results>
